<?xml version="1.0" encoding="UTF-8"?>
<!-- Generated by org.testng.reporters.JUnitReportReporter -->
<testsuite skipped="0" hostname="Prakat-L-015" name="com.test.Day" tests="2" failures="0" timestamp="2020-03-11T14:12:55 IST" time="0.015" errors="0">
  <testcase name="SecondDemo" time="0.000" classname="com.test.Day"/>
  <system-out/>
  <testcase name="Demo" time="0.015" classname="com.test.Day"/>
  <system-out/>
</testsuite> <!-- com.test.Day -->
