<?xml version="1.0" encoding="UTF-8"?>
<!-- Generated by org.testng.reporters.JUnitReportReporter -->
<testsuite skipped="0" hostname="Prakat-L-015" name="RestAssured.Focus.Tc_001HomePage" tests="1" failures="0" timestamp="2020-03-14T09:15:38 IST" time="0.705" errors="0">
  <testcase name="LoginTest" time="0.705" classname="RestAssured.Focus.Tc_001HomePage"/>
  <system-out/>
</testsuite> <!-- RestAssured.Focus.Tc_001HomePage -->
