<?xml version="1.0" encoding="UTF-8"?>
<!-- Generated by org.testng.reporters.JUnitReportReporter -->
<testsuite skipped="0" hostname="Prakat-L-015" name="RestAssured.Focus.Tc_003Residentialprogram" tests="1" failures="0" timestamp="2020-03-14T09:15:38 IST" time="6.452" errors="0">
  <testcase name="LoginTest" time="6.452" classname="RestAssured.Focus.Tc_003Residentialprogram"/>
  <system-out/>
</testsuite> <!-- RestAssured.Focus.Tc_003Residentialprogram -->
